<?xml version="1.0" encoding="UTF-8"?>
<!-- Generated by org.testng.reporters.JUnitReportReporter -->
<testsuite hostname="IBBSSGC50C5QQRV" name="Parameters.ParamentersTest1" tests="1" failures="0" timestamp="5 Feb 2015 04:02:30 GMT" time="0.018" errors="0">
  <testcase name="test" time="0.018" classname="Parameters.ParamentersTest1"/>
</testsuite> <!-- Parameters.ParamentersTest1 -->
